<?xml version="1.0" encoding="UTF-8"?>
<!-- Generated by org.testng.reporters.JUnitXMLReporter -->
<testsuite hostname="Rohans-MBP-2.attlocal.net" ignored="0" name="Test" tests="1" failures="1" timestamp="2020-06-08T15:23:34 PDT" time="0.064" errors="0">
  <testcase name="launch_app" time="0.0" classname="com.cucumber.salesforceTestcase.SalesforceFunctionalityTest">
    <failure type="org.testng.TestNGException" message="
Cannot inject @Test annotated Method [launch_app] with [class java.lang.String].
For more information on native dependency injection please refer to https://testng.org/doc/documentation-main.html#native-dependency-injection">
      <![CDATA[org.testng.TestNGException: 
Cannot inject @Test annotated Method [launch_app] with [class java.lang.String].
For more information on native dependency injection please refer to https://testng.org/doc/documentation-main.html#native-dependency-injection
at java.util.ArrayList.forEach(ArrayList.java:1249)
... Removed 26 stack frames]]>
    </failure>
  </testcase> <!-- launch_app -->
</testsuite> <!-- Test -->
